--- Starting Agent Life at Tue Mar  3 01:03:08 UTC 2026 ---

> bootstrap-v18@1.0.0 start
> npx tsx src/index.ts


node:internal/modules/run_main:107
    triggerUncaughtException(
    ^
Error [TransformError]: Transform failed with 1 error:
/home/bootstrap-v18/bootstrap/src/index.ts:46:7: ERROR: Unexpected "{"
    at failureErrorWithLog (/home/bootstrap-v18/bootstrap/node_modules/esbuild/lib/main.js:1467:15)
    at /home/bootstrap-v18/bootstrap/node_modules/esbuild/lib/main.js:736:50
    at responseCallbacks.<computed> (/home/bootstrap-v18/bootstrap/node_modules/esbuild/lib/main.js:603:9)
    at handleIncomingPacket (/home/bootstrap-v18/bootstrap/node_modules/esbuild/lib/main.js:658:12)
    at Socket.readFromStdout (/home/bootstrap-v18/bootstrap/node_modules/esbuild/lib/main.js:581:7)
    at Socket.emit (node:events:508:28)
    at addChunk (node:internal/streams/readable:559:12)
    at readableAddChunkPushByteMode (node:internal/streams/readable:510:3)
    at Readable.push (node:internal/streams/readable:390:5)
    at Pipe.onStreamRead (node:internal/stream_base_commons:189:23)

Node.js v24.13.0
--- Agent Process Exited with code 0 after 8s ---
[WATCHDOG] Rapid exit detected (8 s). Failure count: 1. Initiating Surgical Restore...
[WATCHDOG] Code failure is UNCOMMITTED. Wiping Body changes to current HEAD...
[WATCHDOG] Body surgically restored (Mind preserved). Cooling down...
